<?xml version="1.0" encoding="UTF-8"?>
<testsuite xmlns:xsi="http://www.w3.org/2001/XMLSchema-instance" xsi:noNamespaceSchemaLocation="https://maven.apache.org/surefire/maven-surefire-plugin/xsd/surefire-test-report.xsd" version="3.0.2" name="org.catty.metaprogramming.MetaprogrammingDemoTest" time="0.104" tests="7" errors="0" skipped="0" failures="0">
  <properties>
[...]
</properties>
  <testcase name="testCodeGeneration" classname="org.catty.metaprogramming.MetaprogrammingDemoTest" time="0.018"/>
  <testcase name="testCategoricalValidator" classname="org.catty.metaprogramming.MetaprogrammingDemoTest" time="0.003"/>
  <testcase name="testDynamicPropertyAccessorAllProperties" classname="org.catty.metaprogramming.MetaprogrammingDemoTest" time="0.002"/>
  <testcase name="testDynamicMethodInvocation" classname="org.catty.metaprogramming.MetaprogrammingDemoTest" time="0.002"/>
  <testcase name="testPropertyAccessWithDynamicValues" classname="org.catty.metaprogramming.MetaprogrammingDemoTest" time="0.001"/>
  <testcase name="testDynamicPropertyAccess" classname="org.catty.metaprogramming.MetaprogrammingDemoTest" time="0.001"/>
  <testcase name="testLogicObjectCreation" classname="org.catty.metaprogramming.MetaprogrammingDemoTest" time="0.0"/>
</testsuite>